[INFO] Scanning for projects...
[INFO]
[INFO] --------------------< com.schoolsystem:secure-sms >---------------------
[INFO] Building Secure School Management System 0.0.1-SNAPSHOT
[INFO]   from pom.xml
[INFO] --------------------------------[ jar ]---------------------------------
[INFO]
[INFO] >>> spring-boot:3.2.2:run (default-cli) > test-compile @ secure-sms >>>
[INFO]
[INFO] --- resources:3.3.1:resources (default-resources) @ secure-sms ---
[INFO] Copying 1 resource from src/main/resources to target/classes
[INFO] Copying 13 resources from src/main/resources to target/classes
[INFO]
[INFO] --- compiler:3.11.0:compile (default-compile) @ secure-sms ---
[INFO] Nothing to compile - all classes are up to date
[INFO]
[INFO] --- resources:3.3.1:testResources (default-testResources) @ secure-sms ---
[INFO] skip non existing resourceDirectory /app/src/test/resources
[INFO]
[INFO] --- compiler:3.11.0:testCompile (default-testCompile) @ secure-sms ---
[INFO] Nothing to compile - all classes are up to date
[INFO]
[INFO] <<< spring-boot:3.2.2:run (default-cli) < test-compile @ secure-sms <<<
[INFO]
[INFO]
[INFO] --- spring-boot:3.2.2:run (default-cli) @ secure-sms ---
[INFO] Attaching agents: []

  .   ____          _            __ _ _
 /\\ / ___'_ __ _ _(_)_ __  __ _ \ \ \ \
( ( )\___ | '_ | '_| | '_ \/ _` | \ \ \ \
 \\/  ___)| |_)| | | | | || (_| |  ) ) ) )
  '  |____| .__|_| |_|_| |_\__, | / / / /
 =========|_|==============|___/=/_/_/_/
 :: Spring Boot ::                (v3.2.2)

2026-07-07T22:22:49.085Z  INFO 75101 --- [secure-sms] [           main] c.schoolsystem.sms.SecureSmsApplication  : Starting SecureSmsApplication using Java 21.0.10 with PID 75101 (/app/target/classes started by jules in /app)
2026-07-07T22:22:49.088Z  INFO 75101 --- [secure-sms] [           main] c.schoolsystem.sms.SecureSmsApplication  : No active profile set, falling back to 1 default profile: "default"
2026-07-07T22:22:50.193Z  INFO 75101 --- [secure-sms] [           main] .s.d.r.c.RepositoryConfigurationDelegate : Bootstrapping Spring Data JPA repositories in DEFAULT mode.
2026-07-07T22:22:50.280Z  INFO 75101 --- [secure-sms] [           main] .s.d.r.c.RepositoryConfigurationDelegate : Finished Spring Data repository scanning in 79 ms. Found 10 JPA repository interfaces.
2026-07-07T22:22:51.021Z  INFO 75101 --- [secure-sms] [           main] o.s.b.w.embedded.tomcat.TomcatWebServer  : Tomcat initialized with port 8080 (http)
2026-07-07T22:22:51.038Z  INFO 75101 --- [secure-sms] [           main] o.apache.catalina.core.StandardService   : Starting service [Tomcat]
2026-07-07T22:22:51.038Z  INFO 75101 --- [secure-sms] [           main] o.apache.catalina.core.StandardEngine    : Starting Servlet engine: [Apache Tomcat/10.1.18]
2026-07-07T22:22:51.097Z  INFO 75101 --- [secure-sms] [           main] o.a.c.c.C.[Tomcat].[localhost].[/]       : Initializing Spring embedded WebApplicationContext
2026-07-07T22:22:51.099Z  INFO 75101 --- [secure-sms] [           main] w.s.c.ServletWebServerApplicationContext : Root WebApplicationContext: initialization completed in 1699 ms
2026-07-07T22:22:51.289Z  INFO 75101 --- [secure-sms] [           main] o.hibernate.jpa.internal.util.LogHelper  : HHH000204: Processing PersistenceUnitInfo [name: default]
2026-07-07T22:22:51.336Z  INFO 75101 --- [secure-sms] [           main] org.hibernate.Version                    : HHH000412: Hibernate ORM core version 6.4.1.Final
2026-07-07T22:22:51.368Z  INFO 75101 --- [secure-sms] [           main] o.h.c.internal.RegionFactoryInitiator    : HHH000026: Second-level cache disabled
2026-07-07T22:22:51.619Z  INFO 75101 --- [secure-sms] [           main] o.s.o.j.p.SpringPersistenceUnitInfo      : No LoadTimeWeaver setup: ignoring JPA class transformer
2026-07-07T22:22:51.647Z  INFO 75101 --- [secure-sms] [           main] com.zaxxer.hikari.HikariDataSource       : HikariPool-1 - Starting...
2026-07-07T22:22:51.858Z  INFO 75101 --- [secure-sms] [           main] com.zaxxer.hikari.pool.HikariPool        : HikariPool-1 - Added connection conn0: url=jdbc:h2:mem:schoolsystem user=ROOT
2026-07-07T22:22:51.860Z  INFO 75101 --- [secure-sms] [           main] com.zaxxer.hikari.HikariDataSource       : HikariPool-1 - Start completed.
2026-07-07T22:22:51.886Z  WARN 75101 --- [secure-sms] [           main] org.hibernate.orm.deprecation            : HHH90000025: H2Dialect does not need to be specified explicitly using 'hibernate.dialect' (remove the property setting and it will be selected by default)
2026-07-07T22:22:53.089Z  INFO 75101 --- [secure-sms] [           main] o.h.e.t.j.p.i.JtaPlatformInitiator       : HHH000489: No JTA platform available (set 'hibernate.transaction.jta.platform' to enable JTA platform integration)
2026-07-07T22:22:53.204Z  INFO 75101 --- [secure-sms] [           main] j.LocalContainerEntityManagerFactoryBean : Initialized JPA EntityManagerFactory for persistence unit 'default'
2026-07-07T22:22:54.020Z  INFO 75101 --- [secure-sms] [           main] o.s.d.j.r.query.QueryEnhancerFactory     : Hibernate is in classpath; If applicable, HQL parser will be used.
2026-07-07T22:22:54.508Z  WARN 75101 --- [secure-sms] [           main] JpaBaseConfiguration$JpaWebConfiguration : spring.jpa.open-in-view is enabled by default. Therefore, database queries may be performed during view rendering. Explicitly configure spring.jpa.open-in-view to disable this warning
2026-07-07T22:22:54.644Z  INFO 75101 --- [secure-sms] [           main] o.s.b.a.w.s.WelcomePageHandlerMapping    : Adding welcome page template: index
2026-07-07T22:22:54.944Z  INFO 75101 --- [secure-sms] [           main] o.s.s.web.DefaultSecurityFilterChain     : Will secure any request with [org.springframework.security.web.session.DisableEncodeUrlFilter@7d7f49f3, org.springframework.security.web.context.request.async.WebAsyncManagerIntegrationFilter@70d4c4ff, org.springframework.security.web.context.SecurityContextHolderFilter@2d7fe300, org.springframework.security.web.header.HeaderWriterFilter@31fd3db2, org.springframework.web.filter.CorsFilter@4fbbfea6, org.springframework.security.web.authentication.logout.LogoutFilter@6fc44cb6, org.springframework.security.web.authentication.UsernamePasswordAuthenticationFilter@4f03729f, org.springframework.security.web.savedrequest.RequestCacheAwareFilter@22b8eaf0, org.springframework.security.web.servletapi.SecurityContextHolderAwareRequestFilter@50dfceff, org.springframework.security.web.authentication.AnonymousAuthenticationFilter@1bf8ea44, org.springframework.security.web.access.ExceptionTranslationFilter@139862ca, org.springframework.security.web.access.intercept.AuthorizationFilter@15b54cb7]
2026-07-07T22:22:55.383Z  INFO 75101 --- [secure-sms] [           main] o.s.b.w.embedded.tomcat.TomcatWebServer  : Tomcat started on port 8080 (http) with context path ''
2026-07-07T22:22:55.396Z  INFO 75101 --- [secure-sms] [           main] c.schoolsystem.sms.SecureSmsApplication  : Started SecureSmsApplication in 6.722 seconds (process running for 7.115)
2026-07-07T22:22:55.400Z  INFO 75101 --- [secure-sms] [           main] com.schoolsystem.sms.config.DataSeeder   : =====================================================
2026-07-07T22:22:55.400Z  INFO 75101 --- [secure-sms] [           main] com.schoolsystem.sms.config.DataSeeder   : SEEDING DATABASE...
2026-07-07T22:22:55.813Z  INFO 75101 --- [secure-sms] [           main] com.schoolsystem.sms.config.DataSeeder   : ✅ Created user: admin (SUPER_DOS)
2026-07-07T22:22:55.971Z  INFO 75101 --- [secure-sms] [           main] com.schoolsystem.sms.config.DataSeeder   : ✅ Created user: dos (DOS)
2026-07-07T22:22:56.113Z  INFO 75101 --- [secure-sms] [           main] com.schoolsystem.sms.config.DataSeeder   : ✅ Created user: headteacher (HEADTEACHER)
2026-07-07T22:22:56.286Z  INFO 75101 --- [secure-sms] [           main] com.schoolsystem.sms.config.DataSeeder   : ✅ Created user: secretary (SECRETARY)
2026-07-07T22:22:56.474Z  INFO 75101 --- [secure-sms] [           main] com.schoolsystem.sms.config.DataSeeder   : ✅ Created user: teacher1 (TEACHER)
2026-07-07T22:22:56.537Z  INFO 75101 --- [secure-sms] [           main] com.schoolsystem.sms.config.DataSeeder   : ✅ Seeded Class Levels (P1 - P7)
2026-07-07T22:22:56.552Z  INFO 75101 --- [secure-sms] [           main] com.schoolsystem.sms.config.DataSeeder   : ✅ Seeded Subjects
2026-07-07T22:22:56.601Z  INFO 75101 --- [secure-sms] [           main] com.schoolsystem.sms.config.DataSeeder   : ✅ Seeded Academic Year 2026 with Terms
2026-07-07T22:22:56.629Z  INFO 75101 --- [secure-sms] [           main] com.schoolsystem.sms.config.DataSeeder   : ✅ Seeded Grading Scale (Uganda Primary PLE style D1–F9)
2026-07-07T22:22:56.629Z  INFO 75101 --- [secure-sms] [           main] com.schoolsystem.sms.config.DataSeeder   : =====================================================
2026-07-07T22:23:27.661Z  INFO 75101 --- [secure-sms] [nio-8080-exec-1] o.a.c.c.C.[Tomcat].[localhost].[/]       : Initializing Spring DispatcherServlet 'dispatcherServlet'
2026-07-07T22:23:27.661Z  INFO 75101 --- [secure-sms] [nio-8080-exec-1] o.s.web.servlet.DispatcherServlet        : Initializing Servlet 'dispatcherServlet'
2026-07-07T22:23:27.663Z  INFO 75101 --- [secure-sms] [nio-8080-exec-1] o.s.web.servlet.DispatcherServlet        : Completed initialization in 2 ms
